DEBUGConnect:15-Data Base connect...
DEBUGConnect:19-Data Base is connected
DEBUGUserDataBase:18-class nick.pack.data.UserDataBase insert value - User: 2, Test, test, 1111
ERRORUserDataBase:28-org.postgresql.util.PSQLException: ОШИБКА: столбец "test" не существует
  Позиция: 59
DEBUGConnect:15-Data Base connect...
DEBUGConnect:19-Data Base is connected
DEBUGUserDataBase:18-class nick.pack.data.UserDataBase insert value - User: 2, Test, test, 1111
ERRORUserDataBase:28-org.postgresql.util.PSQLException: ОШИБКА: столбец "test" не существует
  Позиция: 59
DEBUGConnect:15-Data Base connect...
DEBUGConnect:19-Data Base is connected
DEBUGUserDataBase:18-class nick.pack.data.UserDataBase insert value - User: 2, Test, test, 1111
ERRORUserDataBase:28-org.postgresql.util.PSQLException: ОШИБКА: столбец "test" не существует
  Позиция: 59
DEBUGConnect:15-Data Base connect...
DEBUGConnect:19-Data Base is connected
DEBUGUserDataBase:18-class nick.pack.data.UserDataBase insert value - User: 2, Test, test, 1111
ERRORUserDataBase:28-org.postgresql.util.PSQLException: ОШИБКА: столбец "test" не существует
  Позиция: 52
DEBUGConnect:15-Data Base connect...
DEBUGConnect:19-Data Base is connected
DEBUGUserDataBase:18-class nick.pack.data.UserDataBase insert value - User: 2, Test, test, 1111
DEBUGConnect:15-Data Base connect...
DEBUGConnect:19-Data Base is connected
INFO UserDataBase:68-UserList initialize....
DEBUGUserDataBase:75-UserList is initialized
DEBUGConnect:15-Data Base connect...
DEBUGConnect:19-Data Base is connected
DEBUGUserDataBase:18-class nick.pack.data.UserDataBase insert value - User: 5, 123, 222, 1111
DEBUGConnect:15-Data Base connect...
DEBUGConnect:19-Data Base is connected
INFO UserDataBase:68-UserList initialize....
DEBUGUserDataBase:75-UserList is initialized
DEBUGConnect:15-Data Base connect...
DEBUGConnect:19-Data Base is connected
DEBUGUserDataBase:36-class nick.pack.data.UserDataBase update value - User: 2, Max, maxx, 1234
DEBUGConnect:15-Data Base connect...
DEBUGConnect:19-Data Base is connected
INFO UserDataBase:68-UserList initialize....
DEBUGUserDataBase:75-UserList is initialized
DEBUGConnect:15-Data Base connect...
DEBUGConnect:19-Data Base is connected
DEBUGUserDataBase:36-class nick.pack.data.UserDataBase update value - User: 2, Max, maxx, 1234
INFO UserDataBase:68-UserList initialize....
DEBUGUserDataBase:75-UserList is initialized
DEBUGConnect:15-Data Base connect...
DEBUGConnect:19-Data Base is connected
DEBUGUserDataBase:36-class nick.pack.data.UserDataBase update value - User: 3, Max, maxx, 1234
INFO UserDataBase:68-UserList initialize....
DEBUGUserDataBase:75-UserList is initialized
DEBUGConnect:15-Data Base connect...
DEBUGConnect:19-Data Base is connected
DEBUGUserDataBase:36-class nick.pack.data.UserDataBase update value - User: 3, sads, asda, asds
INFO UserDataBase:68-UserList initialize....
DEBUGUserDataBase:75-UserList is initialized
DEBUGConnect:15-Data Base connect...
DEBUGConnect:19-Data Base is connected
DEBUGUserDataBase:36-class nick.pack.data.UserDataBase update value - User: 3, sads, asda, asds
INFO UserDataBase:69-UserList initialize....
DEBUGUserDataBase:76-UserList is initialized
DEBUGConnect:15-Data Base connect...
DEBUGConnect:19-Data Base is connected
DEBUGUserDataBase:36-class nick.pack.data.UserDataBase update value - User: 4, sads, asda, asds
INFO UserDataBase:75-UserList initialize....
DEBUGUserDataBase:82-UserList is initialized
DEBUGConnect:15-Data Base connect...
DEBUGConnect:19-Data Base is connected
DEBUGUserDataBase:36-class nick.pack.data.UserDataBase update value - User: 5, sadgagasdg, asgdasdaf, asgasds
INFO UserDataBase:75-UserList initialize....
DEBUGUserDataBase:82-UserList is initialized
DEBUGConnect:15-Data Base connect...
DEBUGConnect:19-Data Base is connected
INFO UserDataBase:75-UserList initialize....
DEBUGUserDataBase:82-UserList is initialized
DEBUGConnect:15-Data Base connect...
DEBUGConnect:19-Data Base is connected
INFO UserDataBase:75-UserList initialize....
DEBUGUserDataBase:82-UserList is initialized
DEBUGUserDataBase:59-class nick.pack.data.UserDataBase delete value - User: 5, sadgagasdg, asgdasdaf, asgasds
DEBUGConnect:15-Data Base connect...
DEBUGConnect:19-Data Base is connected
INFO UserDataBase:75-UserList initialize....
DEBUGUserDataBase:82-UserList is initialized
DEBUGUserDataBase:59-class nick.pack.data.UserDataBase delete value - User: 4, sads, asda, asds
DEBUGConnect:15-Data Base connect...
DEBUGConnect:19-Data Base is connected
INFO UserDataBase:75-UserList initialize....
DEBUGUserDataBase:82-UserList is initialized
DEBUGConnect:15-Data Base connect...
DEBUGConnect:19-Data Base is connected
INFO UserDataBase:75-UserList initialize....
DEBUGUserDataBase:82-UserList is initialized
DEBUGUserDataBase:59-class nick.pack.data.UserDataBase delete value - User: 3, sads, asda, asds
DEBUGConnect:15-Data Base connect...
DEBUGConnect:19-Data Base is connected
INFO UserDataBase:74-UserList initialize....
DEBUGUserDataBase:81-UserList is initialized
INFO NoteDataBase:79-NoteList initialize....
DEBUGConnect:15-Data Base connect...
DEBUGConnect:19-Data Base is connected
INFO UserDataBase:74-UserList initialize....
DEBUGUserDataBase:81-UserList is initialized
INFO NoteDataBase:80-NoteList initialize....
DEBUGNoteDataBase:87-NoteList is initialized
DEBUGConnect:15-Data Base connect...
DEBUGConnect:19-Data Base is connected
INFO UserDataBase:74-UserList initialize....
DEBUGUserDataBase:81-UserList is initialized
INFO NoteDataBase:80-NoteList initialize....
DEBUGNoteDataBase:94-NoteList is initialized
